<?xml version="1.0" encoding="UTF-8"?>
<!-- Generated by org.testng.reporters.JUnitReportReporter -->
<testsuite skipped="0" hostname="LAPTOP-HGMQGK2U" name="org.altoro.InvalidCredential" tests="1" failures="0" timestamp="22 Nov 2022 06:54:23 GMT" time="6.715" errors="0">
  <testcase name="login" time="6.715" classname="org.altoro.InvalidCredential"/>
</testsuite> <!-- org.altoro.InvalidCredential -->
