<?xml version="1.0" encoding="UTF-8"?>
<!-- Generated by org.testng.reporters.JUnitReportReporter -->
<testsuite skipped="0" hostname="LAPTOP-HGMQGK2U" name="org.altoro.ValidCredential" tests="1" failures="0" timestamp="23 Nov 2022 12:07:11 GMT" time="21.528" errors="0">
  <testcase name="validLogin" time="21.528" classname="org.altoro.ValidCredential"/>
</testsuite> <!-- org.altoro.ValidCredential -->
